<?xml version="1.0" encoding="UTF-8"?>
<testsuite xmlns:xsi="http://www.w3.org/2001/XMLSchema-instance" xsi:noNamespaceSchemaLocation="https://maven.apache.org/surefire/maven-surefire-plugin/xsd/surefire-test-report-3.0.xsd" version="3.0" name="TwoSum.TwoSumTest" time="0.041" tests="1" errors="0" skipped="0" failures="0">
  <properties>
    <property name="java.specification.version" value="21"/>
    <property name="sun.cpu.isalist" value="amd64"/>
    <property name="sun.jnu.encoding" value="UTF-8"/>
    <property name="java.class.path" value="C:\Users\paladin\eclipse-workspace\Leet_Code\target\test-classes;C:\Users\paladin\eclipse-workspace\Leet_Code\target\classes;C:\Users\paladin\.m2\repository\org\junit\jupiter\junit-jupiter-api\5.10.2\junit-jupiter-api-5.10.2.jar;C:\Users\paladin\.m2\repository\org\opentest4j\opentest4j\1.3.0\opentest4j-1.3.0.jar;C:\Users\paladin\.m2\repository\org\junit\platform\junit-platform-commons\1.10.2\junit-platform-commons-1.10.2.jar;C:\Users\paladin\.m2\repository\org\apiguardian\apiguardian-api\1.1.2\apiguardian-api-1.1.2.jar;C:\Users\paladin\.m2\repository\org\testng\testng\7.4.0\testng-7.4.0.jar;C:\Users\paladin\.m2\repository\com\beust\jcommander\1.78\jcommander-1.78.jar;C:\Users\paladin\.m2\repository\org\webjars\jquery\3.5.1\jquery-3.5.1.jar;"/>
    <property name="java.vm.vendor" value="BellSoft"/>
    <property name="sun.arch.data.model" value="64"/>
    <property name="user.variant" value=""/>
    <property name="java.vendor.url" value="https://bell-sw.com/"/>
    <property name="user.timezone" value="America/Sao_Paulo"/>
    <property name="os.name" value="Windows 10"/>
    <property name="java.vm.specification.version" value="21"/>
    <property name="sun.java.launcher" value="SUN_STANDARD"/>
    <property name="user.country" value="BR"/>
    <property name="sun.boot.library.path" value="C:\Users\paladin\Documents\Java\jdk-21.0.2-full\bin"/>
    <property name="sun.java.command" value="C:\Users\paladin\AppData\Local\Temp\surefire8339268374243184638\surefirebooter-20240704024359538_3.jar C:\Users\paladin\AppData\Local\Temp\surefire8339268374243184638 2024-07-04T02-43-59_343-jvmRun1 surefire-20240704024359538_1tmp surefire_0-20240704024359538_2tmp"/>
    <property name="jdk.debug" value="release"/>
    <property name="surefire.test.class.path" value="C:\Users\paladin\eclipse-workspace\Leet_Code\target\test-classes;C:\Users\paladin\eclipse-workspace\Leet_Code\target\classes;C:\Users\paladin\.m2\repository\org\junit\jupiter\junit-jupiter-api\5.10.2\junit-jupiter-api-5.10.2.jar;C:\Users\paladin\.m2\repository\org\opentest4j\opentest4j\1.3.0\opentest4j-1.3.0.jar;C:\Users\paladin\.m2\repository\org\junit\platform\junit-platform-commons\1.10.2\junit-platform-commons-1.10.2.jar;C:\Users\paladin\.m2\repository\org\apiguardian\apiguardian-api\1.1.2\apiguardian-api-1.1.2.jar;C:\Users\paladin\.m2\repository\org\testng\testng\7.4.0\testng-7.4.0.jar;C:\Users\paladin\.m2\repository\com\beust\jcommander\1.78\jcommander-1.78.jar;C:\Users\paladin\.m2\repository\org\webjars\jquery\3.5.1\jquery-3.5.1.jar;"/>
    <property name="sun.cpu.endian" value="little"/>
    <property name="user.home" value="C:\Users\paladin"/>
    <property name="user.language" value="pt"/>
    <property name="java.specification.vendor" value="Oracle Corporation"/>
    <property name="java.version.date" value="2024-01-16"/>
    <property name="java.home" value="C:\Users\paladin\Documents\Java\jdk-21.0.2-full"/>
    <property name="file.separator" value="\"/>
    <property name="basedir" value="C:\Users\paladin\eclipse-workspace\Leet_Code"/>
    <property name="style.color" value="always"/>
    <property name="java.vm.compressedOopsMode" value="Zero based"/>
    <property name="line.separator" value="&#10;"/>
    <property name="java.vm.specification.vendor" value="Oracle Corporation"/>
    <property name="java.specification.name" value="Java Platform API Specification"/>
    <property name="surefire.real.class.path" value="C:\Users\paladin\AppData\Local\Temp\surefire8339268374243184638\surefirebooter-20240704024359538_3.jar"/>
    <property name="user.script" value=""/>
    <property name="sun.management.compiler" value="HotSpot 64-Bit Tiered Compilers"/>
    <property name="java.runtime.version" value="21.0.2+14-LTS"/>
    <property name="user.name" value="paladin"/>
    <property name="stdout.encoding" value="UTF-8"/>
    <property name="path.separator" value=";"/>
    <property name="os.version" value="10.0"/>
    <property name="java.runtime.name" value="OpenJDK Runtime Environment"/>
    <property name="file.encoding" value="UTF-8"/>
    <property name="java.vm.name" value="OpenJDK 64-Bit Server VM"/>
    <property name="localRepository" value="C:\Users\paladin\.m2\repository"/>
    <property name="java.vendor.url.bug" value="https://bell-sw.com/support"/>
    <property name="java.io.tmpdir" value="C:\Users\paladin\AppData\Local\Temp\"/>
    <property name="java.version" value="21.0.2"/>
    <property name="user.dir" value="C:\Users\paladin\eclipse-workspace\Leet_Code"/>
    <property name="os.arch" value="amd64"/>
    <property name="java.vm.specification.name" value="Java Virtual Machine Specification"/>
    <property name="sun.os.patch.level" value=""/>
    <property name="native.encoding" value="UTF-8"/>
    <property name="java.library.path" value="C:\Users\paladin\Documents\Java\jdk-21.0.2-full\bin;C:\Windows\Sun\Java\bin;C:\Windows\system32;C:\Windows;C:/Users/paladin/.p2/pool/plugins/org.eclipse.justj.openjdk.hotspot.jre.full.win32.x86_64_21.0.3.v20240426-1530/jre/bin/server;C:/Users/paladin/.p2/pool/plugins/org.eclipse.justj.openjdk.hotspot.jre.full.win32.x86_64_21.0.3.v20240426-1530/jre/bin;C:\Angular;E:\Java\Libraries\apache-maven-3.9.6\bin;C:\Program Files\BellSoft\LibericaJDK-21-Full\bin\;C:\Program Files (x86)\Python312-32\Scripts\;C:\Program Files (x86)\Python312-32\;C:\Program Files\Python39\Scripts\;C:\Program Files\Python39\;C:\Program Files\Python310\Scripts\;C:\Program Files\Python310\;C:\Users\paladin\AppData\Local\Programs\Python\Python39\Scripts\;C:\Users\paladin\AppData\Local\Programs\Python\Python39\;C:\Angular;E:\Java\Libraries\apache-maven-3.9.6\bin;C:\Program Files\BellSoft\LibericaJDK-21-Full\bin\;C:\Program Files (x86)\Python312-32\Scripts\;C:\Program Files (x86)\Python312-32\;C:\Program Files\Python39\Scripts\;C:\Program Files\Python39\;C:\Program Files\Python310\Scripts\;C:\Program Files\Python310\;C:\Users\paladin\AppData\Local\Programs\Python\Python39\Scripts\;C:\Users\paladin\AppData\Local\Programs\Python\Python39\;C:\Angular;E:\Java\Libraries\apache-maven-3.9.6\bin;C:\Program Files\BellSoft\LibericaJDK-21-Full\bin\;C:\Program Files (x86)\Python312-32\Scripts\;C:\Program Files (x86)\Python312-32\;C:\Program Files\Python39\Scripts\;C:\Program Files\Python39\;C:\Program Files\Python310\Scripts\;C:\Program Files\Python310\;C:\Users\paladin\AppData\Local\Programs\Python\Python39\Scripts\;C:\Users\paladin\AppData\Local\Programs\Python\Python39\;C:\Windows\System32;C:\Program Files\PostgreSQL\15\bin;C:\Program Files\dotnet\;C:\Program Files\PowerShell\7\;C:\Program Files\Git\cmd;C:\Program Files\nodejs\;C:\Program Files\Microsoft SQL Server\Client SDK\ODBC\170\Tools\Binn\;C:\Program Files (x86)\Windows Kits\10\Windows Performance Toolkit\;C:\Program Files\PostgreSQL\15\bin;C:\Program Files\dotnet\;C:\Program Files\PowerShell\7\;C:\Program Files\Git\cmd;C:\Program Files\nodejs\;C:\Program Files\Microsoft SQL Server\Client SDK\ODBC\170\Tools\Binn\;C:\Program Files (x86)\Windows Kits\10\Windows Performance Toolkit\;C:\Program Files\PostgreSQL\15\bin;C:\Program Files\dotnet\;C:\Program Files\PowerShell\7\;C:\Program Files\Git\cmd;C:\Program Files\nodejs\;C:\Program Files\Microsoft SQL Server\Client SDK\ODBC\170\Tools\Binn\;C:\Program Files (x86)\Windows Kits\10\Windows Performance Toolkit\;E:\Java\Libraries\jdk-21.0.2-full\bin;E:\Java\Libraries\jdk-17.0.10-full\bin;E:\Java\Libraries\jdk-11.0.23-full\bin;C:\Program Files (x86)\Java\jre-1.8;SONAR_HOME;C:\Users\paladin\go\bin;C:\Users\paladin\AppData\Local\Microsoft\WindowsApps;C:\Users\paladin\AppData\Local\GitHubDesktop\bin;C:\Users\paladin\AppData\Local\Programs\Microsoft VS Code\bin;C:\Users\paladin\.dotnet\tools;C:\Program Files\OpenSSL-Win64\bin;C:\Users\paladin\.dotnet\tools;C:\Program Files (x86)\Nmap;C:\Users\paladin\AppData\Local\Microsoft\WinGet\Packages\Schniz.fnm_Microsoft.Winget.Source_8wekyb3d8bbwe;C:\Users\paladin\AppData\Roaming\npm;C:\Users\paladin\.dotnet\tools;C:\Users\paladin\Desktop;;."/>
    <property name="java.vm.info" value="mixed mode, sharing"/>
    <property name="stderr.encoding" value="UTF-8"/>
    <property name="java.vendor" value="BellSoft"/>
    <property name="java.vm.version" value="21.0.2+14-LTS"/>
    <property name="sun.io.unicode.encoding" value="UnicodeLittle"/>
    <property name="java.class.version" value="65.0"/>
  </properties>
  <testcase name="test" classname="TwoSum.TwoSumTest" time="0.018"/>
</testsuite>